  tensorflowLibrary.cpp
c:\tensorflow\tensorflow\tensorflow\contrib\cmake\build\external\eigen_archive\unsupported\eigen\cxx11\src/Tensor/Tensor.h(76): warning C4554: '&': check operator precedence for possible error; use parentheses to clarify precedence
  c:\tensorflow\tensorflow\tensorflow\contrib\cmake\build\external\eigen_archive\unsupported\eigen\cxx11\src/Tensor/TensorMap.h(31): note: see reference to class template instantiation 'Eigen::Tensor<T,1,1,int>' being compiled
          with
          [
              T=float
          ]
  C:\tensorflow\tensorflow\tensorflow/core/framework/tensor_types.h(105): note: see reference to class template instantiation 'Eigen::TensorMap<Eigen::Tensor<T,1,1,int>,16,Eigen::MakePointer>' being compiled
          with
          [
              T=float
          ]
C:\tensorflow\tensorflow\tensorflow/core/framework/node_def_util.h(120): warning C4267: 'return': conversion from 'size_t' to 'int', possible loss of data
C:\tensorflow\tensorflow\tensorflow/core/lib/core/arena.h(46): warning C4267: 'argument': conversion from 'size_t' to 'const int', possible loss of data
C:\tensorflow\tensorflow\tensorflow/core/graph/graph.h(475): warning C4244: 'return': conversion from 'const tensorflow::int64' to 'int', possible loss of data
C:\tensorflow\tensorflow\tensorflow/core/graph/graph.h(480): warning C4244: 'return': conversion from 'tensorflow::int64' to 'int', possible loss of data
C:\tensorflow\tensorflow\tensorflow/core/graph/graph.h(516): warning C4267: 'return': conversion from 'size_t' to 'int', possible loss of data
C:\tensorflow\tensorflow\tensorflow/core/graph/graph.h(525): warning C4267: 'return': conversion from 'size_t' to 'int', possible loss of data
  Microsoft (R) Library Manager Version 14.11.25547.0
  Copyright (C) Microsoft Corporation.  All rights reserved.
  
  "/OUT:C:\angus\tensorflowLibrary\x64\Release\tensorflowLibrary.lib" Release\tf_protos_cc.lib gif\install\lib\giflib.lib png\install\lib\libpng12_static.lib jpeg\install\lib\libjpeg.lib lmdb\install\lib\lmdb.lib jsoncpp\src\jsoncpp\src\lib_json\Release\jsoncpp.lib farmhash\install\lib\farmhash.lib fft2d\\src\lib\fft2d.lib highwayhash\install\lib\highwayhash.lib nsync\install\lib\nsync.lib protobuf\src\protobuf\Release\libprotobuf.lib re2\src\re2\Release\re2.lib sqlite\install\lib\sqlite.lib zlib\install\lib\zlibstatic.lib grpc\src\grpc\Release\grpc++_unsecure.lib grpc\src\grpc\Release\grpc_unsecure.lib grpc\src\grpc\Release\gpr.lib snappy\src\snappy\Release\snappy.lib wsock32.lib ws2_32.lib shlwapi.lib kernel32.lib user32.lib gdi32.lib winspool.lib shell32.lib ole32.lib oleaut32.lib uuid.lib comdlg32.lib advapi32.lib odbc32.lib odbccp32.lib /WHOLEARCHIVE:tf_cc.lib /WHOLEARCHIVE:tf_cc_ops.lib /WHOLEARCHIVE:tf_cc_framework.lib /WHOLEARCHIVE:tf_core_cpu.lib /WHOLEARCHIVE:tf_core_direct_session.lib /WHOLEARCHIVE:tf_core_framework.lib /WHOLEARCHIVE:tf_core_kernels.lib /WHOLEARCHIVE:tf_core_lib.lib /WHOLEARCHIVE:tf_core_ops.lib /WHOLEARCHIVE:tf_cc_while_loop.lib /machine:x64 /ignore:4049 /LIBPATH:C:\tensorflow\tensorflow\tensorflow\tensorflow\contrib\cmake\build\protobuf\src\protobuf\Release /LIBPATH:C:\tensorflow\tensorflow\tensorflow\tensorflow\contrib\cmake\build\tf_cc.dir\Release /LIBPATH:C:\tensorflow\tensorflow\tensorflow\contrib\cmake\build\tf_cc_ops.dir\Release /LIBPATH:C:\tensorflow\tensorflow\tensorflow\contrib\cmake\build\tf_cc_framework.dir\Release /LIBPATH:C:\tensorflow\tensorflow\tensorflow\contrib\cmake\build\tf_core_cpu.dir\Release /LIBPATH:C:\tensorflow\tensorflow\tensorflow\contrib\cmake\build\tf_core_direct_session.dir\Release /LIBPATH:C:\tensorflow\tensorflow\tensorflow\contrib\cmake\build\tf_core_framework.dir\Release /LIBPATH:C:\tensorflow\tensorflow\tensorflow\contrib\cmake\build\tf_core_kernels.dir\Release /LIBPATH:C:\tensorflow\tensorflow\tensorflow\contrib\cmake\build\tf_core_lib.dir\Release /LIBPATH:C:\tensorflow\tensorflow\tensorflow\contrib\cmake\build\tf_core_ops.dir\Release /LIBPATH:C:\tensorflow\tensorflow\tensorflow\contrib\cmake\build\Release /LIBPATH:C:\tensorflow\tensorflow\tensorflow\contrib\cmake\build /NOLOGO /MACHINE:X64 /LTCG x64\Release\stdafx.obj 
  x64\Release\tensorflowLibrary.obj 
LINK : warning LNK4044: unrecognized option '/WHOLEARCHIVE:tf_cc.lib'; ignored
LINK : warning LNK4044: unrecognized option '/WHOLEARCHIVE:tf_cc_ops.lib'; ignored
LINK : warning LNK4044: unrecognized option '/WHOLEARCHIVE:tf_cc_framework.lib'; ignored
LINK : warning LNK4044: unrecognized option '/WHOLEARCHIVE:tf_core_cpu.lib'; ignored
LINK : warning LNK4044: unrecognized option '/WHOLEARCHIVE:tf_core_direct_session.lib'; ignored
LINK : warning LNK4044: unrecognized option '/WHOLEARCHIVE:tf_core_framework.lib'; ignored
LINK : warning LNK4044: unrecognized option '/WHOLEARCHIVE:tf_core_kernels.lib'; ignored
LINK : warning LNK4044: unrecognized option '/WHOLEARCHIVE:tf_core_lib.lib'; ignored
LINK : warning LNK4044: unrecognized option '/WHOLEARCHIVE:tf_core_ops.lib'; ignored
LINK : warning LNK4044: unrecognized option '/WHOLEARCHIVE:tf_cc_while_loop.lib'; ignored
wsock32.lib(WSOCK32.dll) : warning LNK4006: __imp_socket already defined in wsock32.lib(WSOCK32.dll); second definition ignored
wsock32.lib(WSOCK32.dll) : warning LNK4006: socket already defined in wsock32.lib(WSOCK32.dll); second definition ignored
wsock32.lib(WSOCK32.dll) : warning LNK4006: __imp_shutdown already defined in wsock32.lib(WSOCK32.dll); second definition ignored
wsock32.lib(WSOCK32.dll) : warning LNK4006: shutdown already defined in wsock32.lib(WSOCK32.dll); second definition ignored
wsock32.lib(WSOCK32.dll) : warning LNK4006: __imp_setsockopt already defined in wsock32.lib(WSOCK32.dll); second definition ignored
wsock32.lib(WSOCK32.dll) : warning LNK4006: setsockopt already defined in wsock32.lib(WSOCK32.dll); second definition ignored
wsock32.lib(WSOCK32.dll) : warning LNK4006: __imp_sendto already defined in wsock32.lib(WSOCK32.dll); second definition ignored
wsock32.lib(WSOCK32.dll) : warning LNK4006: sendto already defined in wsock32.lib(WSOCK32.dll); second definition ignored
wsock32.lib(WSOCK32.dll) : warning LNK4006: __imp_send already defined in wsock32.lib(WSOCK32.dll); second definition ignored
wsock32.lib(WSOCK32.dll) : warning LNK4006: send already defined in wsock32.lib(WSOCK32.dll); second definition ignored
wsock32.lib(WSOCK32.dll) : warning LNK4006: __imp_select already defined in wsock32.lib(WSOCK32.dll); second definition ignored
wsock32.lib(WSOCK32.dll) : warning LNK4006: select already defined in wsock32.lib(WSOCK32.dll); second definition ignored
wsock32.lib(WSOCK32.dll) : warning LNK4006: __imp_recvfrom already defined in wsock32.lib(WSOCK32.dll); second definition ignored
wsock32.lib(WSOCK32.dll) : warning LNK4006: recvfrom already defined in wsock32.lib(WSOCK32.dll); second definition ignored
wsock32.lib(WSOCK32.dll) : warning LNK4006: __imp_recv already defined in wsock32.lib(WSOCK32.dll); second definition ignored
wsock32.lib(WSOCK32.dll) : warning LNK4006: recv already defined in wsock32.lib(WSOCK32.dll); second definition ignored
wsock32.lib(WSOCK32.dll) : warning LNK4006: __imp_ntohs already defined in wsock32.lib(WSOCK32.dll); second definition ignored
wsock32.lib(WSOCK32.dll) : warning LNK4006: ntohs already defined in wsock32.lib(WSOCK32.dll); second definition ignored
wsock32.lib(WSOCK32.dll) : warning LNK4006: __imp_ntohl already defined in wsock32.lib(WSOCK32.dll); second definition ignored
wsock32.lib(WSOCK32.dll) : warning LNK4006: ntohl already defined in wsock32.lib(WSOCK32.dll); second definition ignored
wsock32.lib(WSOCK32.dll) : warning LNK4006: __imp_listen already defined in wsock32.lib(WSOCK32.dll); second definition ignored
wsock32.lib(WSOCK32.dll) : warning LNK4006: listen already defined in wsock32.lib(WSOCK32.dll); second definition ignored
wsock32.lib(WSOCK32.dll) : warning LNK4006: __imp_ioctlsocket already defined in wsock32.lib(WSOCK32.dll); second definition ignored
wsock32.lib(WSOCK32.dll) : warning LNK4006: ioctlsocket already defined in wsock32.lib(WSOCK32.dll); second definition ignored
wsock32.lib(WSOCK32.dll) : warning LNK4006: __imp_inet_ntoa already defined in wsock32.lib(WSOCK32.dll); second definition ignored
wsock32.lib(WSOCK32.dll) : warning LNK4006: inet_ntoa already defined in wsock32.lib(WSOCK32.dll); second definition ignored
wsock32.lib(WSOCK32.dll) : warning LNK4006: __imp_inet_addr already defined in wsock32.lib(WSOCK32.dll); second definition ignored
wsock32.lib(WSOCK32.dll) : warning LNK4006: inet_addr already defined in wsock32.lib(WSOCK32.dll); second definition ignored
wsock32.lib(WSOCK32.dll) : warning LNK4006: __imp_htons already defined in wsock32.lib(WSOCK32.dll); second definition ignored
wsock32.lib(WSOCK32.dll) : warning LNK4006: htons already defined in wsock32.lib(WSOCK32.dll); second definition ignored
wsock32.lib(WSOCK32.dll) : warning LNK4006: __imp_htonl already defined in wsock32.lib(WSOCK32.dll); second definition ignored
wsock32.lib(WSOCK32.dll) : warning LNK4006: htonl already defined in wsock32.lib(WSOCK32.dll); second definition ignored
wsock32.lib(WSOCK32.dll) : warning LNK4006: __imp_getsockopt already defined in wsock32.lib(WSOCK32.dll); second definition ignored
wsock32.lib(WSOCK32.dll) : warning LNK4006: getsockopt already defined in wsock32.lib(WSOCK32.dll); second definition ignored
wsock32.lib(WSOCK32.dll) : warning LNK4006: __imp_getsockname already defined in wsock32.lib(WSOCK32.dll); second definition ignored
wsock32.lib(WSOCK32.dll) : warning LNK4006: getsockname already defined in wsock32.lib(WSOCK32.dll); second definition ignored
wsock32.lib(WSOCK32.dll) : warning LNK4006: __imp_getservbyport already defined in wsock32.lib(WSOCK32.dll); second definition ignored
wsock32.lib(WSOCK32.dll) : warning LNK4006: getservbyport already defined in wsock32.lib(WSOCK32.dll); second definition ignored
wsock32.lib(WSOCK32.dll) : warning LNK4006: __imp_getservbyname already defined in wsock32.lib(WSOCK32.dll); second definition ignored
wsock32.lib(WSOCK32.dll) : warning LNK4006: getservbyname already defined in wsock32.lib(WSOCK32.dll); second definition ignored
wsock32.lib(WSOCK32.dll) : warning LNK4006: __imp_getprotobynumber already defined in wsock32.lib(WSOCK32.dll); second definition ignored
wsock32.lib(WSOCK32.dll) : warning LNK4006: getprotobynumber already defined in wsock32.lib(WSOCK32.dll); second definition ignored
wsock32.lib(WSOCK32.dll) : warning LNK4006: __imp_getprotobyname already defined in wsock32.lib(WSOCK32.dll); second definition ignored
wsock32.lib(WSOCK32.dll) : warning LNK4006: getprotobyname already defined in wsock32.lib(WSOCK32.dll); second definition ignored
wsock32.lib(WSOCK32.dll) : warning LNK4006: __imp_getpeername already defined in wsock32.lib(WSOCK32.dll); second definition ignored
wsock32.lib(WSOCK32.dll) : warning LNK4006: getpeername already defined in wsock32.lib(WSOCK32.dll); second definition ignored
wsock32.lib(WSOCK32.dll) : warning LNK4006: __imp_gethostname already defined in wsock32.lib(WSOCK32.dll); second definition ignored
wsock32.lib(WSOCK32.dll) : warning LNK4006: gethostname already defined in wsock32.lib(WSOCK32.dll); second definition ignored
wsock32.lib(WSOCK32.dll) : warning LNK4006: __imp_gethostbyname already defined in wsock32.lib(WSOCK32.dll); second definition ignored
wsock32.lib(WSOCK32.dll) : warning LNK4006: gethostbyname already defined in wsock32.lib(WSOCK32.dll); second definition ignored
wsock32.lib(WSOCK32.dll) : warning LNK4006: __imp_gethostbyaddr already defined in wsock32.lib(WSOCK32.dll); second definition ignored
wsock32.lib(WSOCK32.dll) : warning LNK4006: gethostbyaddr already defined in wsock32.lib(WSOCK32.dll); second definition ignored
wsock32.lib(WSOCK32.dll) : warning LNK4006: __imp_connect already defined in wsock32.lib(WSOCK32.dll); second definition ignored
wsock32.lib(WSOCK32.dll) : warning LNK4006: connect already defined in wsock32.lib(WSOCK32.dll); second definition ignored
wsock32.lib(WSOCK32.dll) : warning LNK4006: __imp_closesocket already defined in wsock32.lib(WSOCK32.dll); second definition ignored
wsock32.lib(WSOCK32.dll) : warning LNK4006: closesocket already defined in wsock32.lib(WSOCK32.dll); second definition ignored
wsock32.lib(WSOCK32.dll) : warning LNK4006: __imp_bind already defined in wsock32.lib(WSOCK32.dll); second definition ignored
wsock32.lib(WSOCK32.dll) : warning LNK4006: bind already defined in wsock32.lib(WSOCK32.dll); second definition ignored
wsock32.lib(WSOCK32.dll) : warning LNK4006: __imp_accept already defined in wsock32.lib(WSOCK32.dll); second definition ignored
wsock32.lib(WSOCK32.dll) : warning LNK4006: accept already defined in wsock32.lib(WSOCK32.dll); second definition ignored
wsock32.lib(WSOCK32.dll) : warning LNK4006: __imp___WSAFDIsSet already defined in wsock32.lib(WSOCK32.dll); second definition ignored
wsock32.lib(WSOCK32.dll) : warning LNK4006: __WSAFDIsSet already defined in wsock32.lib(WSOCK32.dll); second definition ignored
wsock32.lib(WSOCK32.dll) : warning LNK4006: __imp_WSAUnhookBlockingHook already defined in wsock32.lib(WSOCK32.dll); second definition ignored
wsock32.lib(WSOCK32.dll) : warning LNK4006: WSAUnhookBlockingHook already defined in wsock32.lib(WSOCK32.dll); second definition ignored
wsock32.lib(WSOCK32.dll) : warning LNK4006: __imp_WSAStartup already defined in wsock32.lib(WSOCK32.dll); second definition ignored
wsock32.lib(WSOCK32.dll) : warning LNK4006: WSAStartup already defined in wsock32.lib(WSOCK32.dll); second definition ignored
wsock32.lib(WSOCK32.dll) : warning LNK4006: __imp_WSASetLastError already defined in wsock32.lib(WSOCK32.dll); second definition ignored
wsock32.lib(WSOCK32.dll) : warning LNK4006: WSASetLastError already defined in wsock32.lib(WSOCK32.dll); second definition ignored
wsock32.lib(WSOCK32.dll) : warning LNK4006: __imp_WSASetBlockingHook already defined in wsock32.lib(WSOCK32.dll); second definition ignored
wsock32.lib(WSOCK32.dll) : warning LNK4006: WSASetBlockingHook already defined in wsock32.lib(WSOCK32.dll); second definition ignored
wsock32.lib(WSOCK32.dll) : warning LNK4006: __imp_WSAIsBlocking already defined in wsock32.lib(WSOCK32.dll); second definition ignored
wsock32.lib(WSOCK32.dll) : warning LNK4006: WSAIsBlocking already defined in wsock32.lib(WSOCK32.dll); second definition ignored
wsock32.lib(WSOCK32.dll) : warning LNK4006: __imp_WSAGetLastError already defined in wsock32.lib(WSOCK32.dll); second definition ignored
wsock32.lib(WSOCK32.dll) : warning LNK4006: WSAGetLastError already defined in wsock32.lib(WSOCK32.dll); second definition ignored
wsock32.lib(WSOCK32.dll) : warning LNK4006: __imp_WSACleanup already defined in wsock32.lib(WSOCK32.dll); second definition ignored
wsock32.lib(WSOCK32.dll) : warning LNK4006: WSACleanup already defined in wsock32.lib(WSOCK32.dll); second definition ignored
wsock32.lib(WSOCK32.dll) : warning LNK4006: __imp_WSACancelBlockingCall already defined in wsock32.lib(WSOCK32.dll); second definition ignored
wsock32.lib(WSOCK32.dll) : warning LNK4006: WSACancelBlockingCall already defined in wsock32.lib(WSOCK32.dll); second definition ignored
wsock32.lib(WSOCK32.dll) : warning LNK4006: __imp_WSACancelAsyncRequest already defined in wsock32.lib(WSOCK32.dll); second definition ignored
wsock32.lib(WSOCK32.dll) : warning LNK4006: WSACancelAsyncRequest already defined in wsock32.lib(WSOCK32.dll); second definition ignored
wsock32.lib(WSOCK32.dll) : warning LNK4006: __imp_WSAAsyncSelect already defined in wsock32.lib(WSOCK32.dll); second definition ignored
wsock32.lib(WSOCK32.dll) : warning LNK4006: WSAAsyncSelect already defined in wsock32.lib(WSOCK32.dll); second definition ignored
wsock32.lib(WSOCK32.dll) : warning LNK4006: __imp_WSAAsyncGetServByPort already defined in wsock32.lib(WSOCK32.dll); second definition ignored
wsock32.lib(WSOCK32.dll) : warning LNK4006: WSAAsyncGetServByPort already defined in wsock32.lib(WSOCK32.dll); second definition ignored
wsock32.lib(WSOCK32.dll) : warning LNK4006: __imp_WSAAsyncGetServByName already defined in wsock32.lib(WSOCK32.dll); second definition ignored
wsock32.lib(WSOCK32.dll) : warning LNK4006: WSAAsyncGetServByName already defined in wsock32.lib(WSOCK32.dll); second definition ignored
wsock32.lib(WSOCK32.dll) : warning LNK4006: __imp_WSAAsyncGetProtoByNumber already defined in wsock32.lib(WSOCK32.dll); second definition ignored
wsock32.lib(WSOCK32.dll) : warning LNK4006: WSAAsyncGetProtoByNumber already defined in wsock32.lib(WSOCK32.dll); second definition ignored
wsock32.lib(WSOCK32.dll) : warning LNK4006: __imp_WSAAsyncGetProtoByName already defined in wsock32.lib(WSOCK32.dll); second definition ignored
wsock32.lib(WSOCK32.dll) : warning LNK4006: WSAAsyncGetProtoByName already defined in wsock32.lib(WSOCK32.dll); second definition ignored
wsock32.lib(WSOCK32.dll) : warning LNK4006: __imp_WSAAsyncGetHostByName already defined in wsock32.lib(WSOCK32.dll); second definition ignored
wsock32.lib(WSOCK32.dll) : warning LNK4006: WSAAsyncGetHostByName already defined in wsock32.lib(WSOCK32.dll); second definition ignored
wsock32.lib(WSOCK32.dll) : warning LNK4006: __imp_WSAAsyncGetHostByAddr already defined in wsock32.lib(WSOCK32.dll); second definition ignored
wsock32.lib(WSOCK32.dll) : warning LNK4006: WSAAsyncGetHostByAddr already defined in wsock32.lib(WSOCK32.dll); second definition ignored
wsock32.lib(WSOCK32.dll) : warning LNK4006: __imp_WEP already defined in wsock32.lib(WSOCK32.dll); second definition ignored
wsock32.lib(WSOCK32.dll) : warning LNK4006: WEP already defined in wsock32.lib(WSOCK32.dll); second definition ignored
wsock32.lib(WSOCK32.dll) : warning LNK4006: "__declspec(dllimport) int __cdecl WSApSetPostRoutine(void *)" (__imp_?WSApSetPostRoutine@@YAHPEAX@Z) already defined in wsock32.lib(WSOCK32.dll); second definition ignored
wsock32.lib(WSOCK32.dll) : warning LNK4006: "int __cdecl WSApSetPostRoutine(void *)" (?WSApSetPostRoutine@@YAHPEAX@Z) already defined in wsock32.lib(WSOCK32.dll); second definition ignored
ws2_32.lib(WS2_32.dll) : warning LNK4006: __NULL_IMPORT_DESCRIPTOR already defined in wsock32.lib(WSOCK32.dll); second definition ignored
shlwapi.lib(SHLWAPI.dll) : warning LNK4006: __NULL_IMPORT_DESCRIPTOR already defined in wsock32.lib(WSOCK32.dll); second definition ignored
kernel32.lib(KERNEL32.dll) : warning LNK4006: __NULL_IMPORT_DESCRIPTOR already defined in wsock32.lib(WSOCK32.dll); second definition ignored
user32.lib(USER32.dll) : warning LNK4006: __NULL_IMPORT_DESCRIPTOR already defined in wsock32.lib(WSOCK32.dll); second definition ignored
gdi32.lib(GDI32.dll) : warning LNK4006: __NULL_IMPORT_DESCRIPTOR already defined in wsock32.lib(WSOCK32.dll); second definition ignored
winspool.lib(WINSPOOL.DRV) : warning LNK4006: __NULL_IMPORT_DESCRIPTOR already defined in wsock32.lib(WSOCK32.dll); second definition ignored
shell32.lib(SHELL32.dll) : warning LNK4006: __NULL_IMPORT_DESCRIPTOR already defined in wsock32.lib(WSOCK32.dll); second definition ignored
ole32.lib(ole32.dll) : warning LNK4006: __NULL_IMPORT_DESCRIPTOR already defined in wsock32.lib(WSOCK32.dll); second definition ignored
oleaut32.lib(OLEAUT32.dll) : warning LNK4006: __NULL_IMPORT_DESCRIPTOR already defined in wsock32.lib(WSOCK32.dll); second definition ignored
comdlg32.lib(COMDLG32.dll) : warning LNK4006: __NULL_IMPORT_DESCRIPTOR already defined in wsock32.lib(WSOCK32.dll); second definition ignored
advapi32.lib(ADVAPI32.dll) : warning LNK4006: __NULL_IMPORT_DESCRIPTOR already defined in wsock32.lib(WSOCK32.dll); second definition ignored
odbc32.lib(ODBC32.dll) : warning LNK4006: __NULL_IMPORT_DESCRIPTOR already defined in wsock32.lib(WSOCK32.dll); second definition ignored
  tensorflowLibrary.vcxproj -> C:\angus\tensorflowLibrary\x64\Release\tensorflowLibrary.lib
